<?xml version="1.0" encoding="UTF-8"?>
<testsuite name="pl.spring.demo.prefixSearch.BookDaoImplTest" time="0" tests="1" errors="0" skipped="0" failures="1">
  <properties>
[...]
</properties>
  <testcase name="shouldFindBookByTitle" classname="pl.spring.demo.prefixSearch.BookDaoImplTest" time="0">
    <failure message="expected:&lt;BookEntity [id=6, title=Zemsta, authorsList=[AuthorTo [id=1, firstName=Aleksander, lastName=Fredro]]]&gt; but was:&lt;null&gt;" type="java.lang.AssertionError">java.lang.AssertionError: expected:&lt;BookEntity [id=6, title=Zemsta, authorsList=[AuthorTo [id=1, firstName=Aleksander, lastName=Fredro]]]&gt; but was:&lt;null&gt;	at org.junit.Assert.fail(Assert.java:88)	at org.junit.Assert.failNotEquals(Assert.java:834)	at org.junit.Assert.assertEquals(Assert.java:118)	at org.junit.Assert.assertEquals(Assert.java:144)	at pl.spring.demo.prefixSearch.BookDaoImplTest.shouldFindBookByTitle(BookDaoImplTest.java:44)</failure>
    <system-err><![CDATA[Jul 30, 2015 3:57:13 PM org.springframework.test.context.support.DefaultTestContextBootstrapper getDefaultTestExecutionListenerClassNames
INFO: Loaded default TestExecutionListener class names from location [META-INF/spring.factories]: [org.springframework.test.context.web.ServletTestExecutionListener, org.springframework.test.context.support.DependencyInjectionTestExecutionListener, org.springframework.test.context.support.DirtiesContextTestExecutionListener, org.springframework.test.context.transaction.TransactionalTestExecutionListener, org.springframework.test.context.jdbc.SqlScriptsTestExecutionListener]
Jul 30, 2015 3:57:13 PM org.springframework.test.context.support.DefaultTestContextBootstrapper instantiateListeners
INFO: Could not instantiate TestExecutionListener [org.springframework.test.context.transaction.TransactionalTestExecutionListener]. Specify custom listener classes or make the default listener classes (and their required dependencies) available. Offending class: [org/springframework/transaction/interceptor/TransactionAttributeSource]
Jul 30, 2015 3:57:13 PM org.springframework.test.context.support.DefaultTestContextBootstrapper instantiateListeners
INFO: Could not instantiate TestExecutionListener [org.springframework.test.context.web.ServletTestExecutionListener]. Specify custom listener classes or make the default listener classes (and their required dependencies) available. Offending class: [javax/servlet/ServletContext]
Jul 30, 2015 3:57:13 PM org.springframework.test.context.support.DefaultTestContextBootstrapper instantiateListeners
INFO: Could not instantiate TestExecutionListener [org.springframework.test.context.jdbc.SqlScriptsTestExecutionListener]. Specify custom listener classes or make the default listener classes (and their required dependencies) available. Offending class: [org/springframework/transaction/interceptor/TransactionAttribute]
Jul 30, 2015 3:57:13 PM org.springframework.test.context.support.DefaultTestContextBootstrapper getTestExecutionListeners
INFO: Using TestExecutionListeners: [org.springframework.test.context.support.DependencyInjectionTestExecutionListener@35e2d654, org.springframework.test.context.support.DirtiesContextTestExecutionListener@1bd4fdd]
Jul 30, 2015 3:57:13 PM org.springframework.beans.factory.xml.XmlBeanDefinitionReader loadBeanDefinitions
INFO: Loading XML bean definitions from class path resource [pl/spring/demo/prefixSearch/CommonServiceTest-context.xml]
Jul 30, 2015 3:57:13 PM org.springframework.beans.factory.xml.XmlBeanDefinitionReader loadBeanDefinitions
INFO: Loading XML bean definitions from class path resource [spring/spring-context.xml]
Jul 30, 2015 3:57:13 PM org.springframework.context.support.GenericApplicationContext prepareRefresh
INFO: Refreshing org.springframework.context.support.GenericApplicationContext@7b98f307: startup date [Thu Jul 30 15:57:13 CEST 2015]; root of context hierarchy
Jul 30, 2015 3:57:13 PM org.springframework.beans.factory.config.PropertiesFactoryBean loadProperties
INFO: Loading properties file from class path resource [config/application.properties]
]]></system-err>
  </testcase>
</testsuite>