<?xml version="1.0" encoding="UTF-8"?>
<testsuite name="pl.spring.demo.web.rest.BookRestServiceTest" time="0.18" tests="3" errors="0" skipped="2" failures="0">
  <properties>
[...]
</properties>
  <testcase name="testShouldCallBookService" classname="pl.spring.demo.web.rest.BookRestServiceTest" time="0">
    <skipped/>
    <system-out><![CDATA[2015-08-26 14:38:18,329 INFO org.springframework.test.context.support.AbstractContextLoader - Detected default resource location "classpath:pl/spring/demo/web/rest/BookRestServiceTest-context.xml" for test class [pl.spring.demo.web.rest.BookRestServiceTest]
2015-08-26 14:38:18,329 INFO org.springframework.test.context.support.AbstractDelegatingSmartContextLoader - GenericXmlWebContextLoader detected default locations for context configuration [ContextConfigurationAttributes@fad74ee declaringClass = 'pl.spring.demo.web.rest.BookRestServiceTest', classes = '{}', locations = '{classpath:pl/spring/demo/web/rest/BookRestServiceTest-context.xml}', inheritLocations = true, initializers = '{}', inheritInitializers = true, name = [null], contextLoaderClass = 'org.springframework.test.context.ContextLoader'].
2015-08-26 14:38:18,329 INFO org.springframework.test.context.support.AnnotationConfigContextLoaderUtils - Could not detect default configuration classes for test class [pl.spring.demo.web.rest.BookRestServiceTest]: BookRestServiceTest does not declare any static, non-private, non-final, inner classes annotated with @Configuration.
2015-08-26 14:38:18,345 INFO org.springframework.test.context.web.WebTestContextBootstrapper - Loaded default TestExecutionListener class names from location [META-INF/spring.factories]: [org.springframework.test.context.web.ServletTestExecutionListener, org.springframework.test.context.support.DependencyInjectionTestExecutionListener, org.springframework.test.context.support.DirtiesContextTestExecutionListener, org.springframework.test.context.transaction.TransactionalTestExecutionListener, org.springframework.test.context.jdbc.SqlScriptsTestExecutionListener]
2015-08-26 14:38:18,360 INFO org.springframework.test.context.web.WebTestContextBootstrapper - Using TestExecutionListeners: [org.springframework.test.context.web.ServletTestExecutionListener@481a15ff, org.springframework.test.context.support.DependencyInjectionTestExecutionListener@78186a70, org.springframework.test.context.support.DirtiesContextTestExecutionListener@306279ee, org.springframework.test.context.transaction.TransactionalTestExecutionListener@545997b1, org.springframework.test.context.jdbc.SqlScriptsTestExecutionListener@4cf4d528]
2015-08-26 14:38:18,360 INFO org.springframework.test.context.support.AbstractContextLoader - Detected default resource location "classpath:pl/spring/demo/web/rest/BookRestServiceTest-context.xml" for test class [pl.spring.demo.web.rest.BookRestServiceTest]
2015-08-26 14:38:18,360 INFO org.springframework.test.context.support.AbstractDelegatingSmartContextLoader - GenericXmlWebContextLoader detected default locations for context configuration [ContextConfigurationAttributes@17211155 declaringClass = 'pl.spring.demo.web.rest.BookRestServiceTest', classes = '{}', locations = '{classpath:pl/spring/demo/web/rest/BookRestServiceTest-context.xml}', inheritLocations = true, initializers = '{}', inheritInitializers = true, name = [null], contextLoaderClass = 'org.springframework.test.context.ContextLoader'].
2015-08-26 14:38:18,360 INFO org.springframework.test.context.support.AnnotationConfigContextLoaderUtils - Could not detect default configuration classes for test class [pl.spring.demo.web.rest.BookRestServiceTest]: BookRestServiceTest does not declare any static, non-private, non-final, inner classes annotated with @Configuration.
2015-08-26 14:38:18,360 INFO org.springframework.test.context.web.WebTestContextBootstrapper - Loaded default TestExecutionListener class names from location [META-INF/spring.factories]: [org.springframework.test.context.web.ServletTestExecutionListener, org.springframework.test.context.support.DependencyInjectionTestExecutionListener, org.springframework.test.context.support.DirtiesContextTestExecutionListener, org.springframework.test.context.transaction.TransactionalTestExecutionListener, org.springframework.test.context.jdbc.SqlScriptsTestExecutionListener]
2015-08-26 14:38:18,360 INFO org.springframework.test.context.web.WebTestContextBootstrapper - Using TestExecutionListeners: [org.springframework.test.context.web.ServletTestExecutionListener@5123a213, org.springframework.test.context.support.DependencyInjectionTestExecutionListener@52525845, org.springframework.test.context.support.DirtiesContextTestExecutionListener@3b94d659, org.springframework.test.context.transaction.TransactionalTestExecutionListener@24b1d79b, org.springframework.test.context.jdbc.SqlScriptsTestExecutionListener@68ceda24]
]]></system-out>
  </testcase>
  <testcase name="testShouldSaveBook" classname="pl.spring.demo.web.rest.BookRestServiceTest" time="0.18"/>
  <testcase name="testShouldEditBookTitle" classname="pl.spring.demo.web.rest.BookRestServiceTest" time="0">
    <skipped/>
  </testcase>
</testsuite>